[2018-03-21 12:15:47 +0800] [14103] [INFO] Starting gunicorn 19.6.0
[2018-03-21 12:15:47 +0800] [14103] [INFO] Listening at: http://127.0.0.1:8000 (14103)
[2018-03-21 12:15:47 +0800] [14103] [INFO] Using worker: sync
[2018-03-21 12:15:47 +0800] [14106] [INFO] Booting worker with pid: 14106
[2018-03-21 12:40:14 +0800] [14103] [INFO] Handling signal: int
[2018-03-21 12:40:14 +0800] [14106] [INFO] Worker exiting (pid: 14106)
[2018-03-21 12:40:14 +0800] [14103] [INFO] Shutting down: Master
[2018-03-21 12:40:29 +0800] [14532] [INFO] Starting gunicorn 19.6.0
[2018-03-21 12:40:29 +0800] [14532] [INFO] Listening at: http://127.0.0.1:8000 (14532)
[2018-03-21 12:40:29 +0800] [14532] [INFO] Using worker: sync
[2018-03-21 12:40:29 +0800] [14535] [INFO] Booting worker with pid: 14535
[2018-03-21 13:12:07 +0800] [14951] [INFO] Booting worker with pid: 14951
[2018-03-21 13:12:07 +0800] [14532] [INFO] Handling signal: hup
[2018-03-21 13:12:07 +0800] [14532] [INFO] Hang up: Master
[2018-03-21 13:12:07 +0800] [14952] [INFO] Booting worker with pid: 14952
[2018-03-21 13:12:08 +0800] [14951] [INFO] Worker exiting (pid: 14951)
[2018-03-21 15:09:32 +0800] [14532] [INFO] Handling signal: term
[2018-03-21 15:09:32 +0800] [14952] [INFO] Worker exiting (pid: 14952)
[2018-03-21 15:09:32 +0800] [14532] [INFO] Shutting down: Master
[2018-03-21 15:09:42 +0800] [16732] [INFO] Starting gunicorn 19.6.0
[2018-03-21 15:09:42 +0800] [16732] [INFO] Listening at: http://127.0.0.1:8000 (16732)
[2018-03-21 15:09:42 +0800] [16732] [INFO] Using worker: sync
[2018-03-21 15:09:42 +0800] [16735] [INFO] Booting worker with pid: 16735
[2018-03-21 15:22:27 +0800] [16732] [INFO] Handling signal: int
[2018-03-21 15:22:27 +0800] [16735] [INFO] Worker exiting (pid: 16735)
[2018-03-21 15:22:27 +0800] [16732] [INFO] Shutting down: Master
[2018-03-21 15:22:39 +0800] [16972] [INFO] Starting gunicorn 19.6.0
[2018-03-21 15:22:39 +0800] [16972] [INFO] Listening at: http://127.0.0.1:8000 (16972)
[2018-03-21 15:22:39 +0800] [16972] [INFO] Using worker: sync
[2018-03-21 15:22:39 +0800] [16975] [INFO] Booting worker with pid: 16975
[2018-03-21 15:22:57 +0800] [16972] [INFO] Handling signal: hup
[2018-03-21 15:22:57 +0800] [16972] [INFO] Hang up: Master
[2018-03-21 15:22:57 +0800] [16985] [INFO] Booting worker with pid: 16985
[2018-03-26 08:11:54 +0800] [16972] [INFO] Handling signal: term
[2018-03-26 08:11:54 +0800] [16985] [INFO] Worker exiting (pid: 16985)
Lei Zhao
Lei Zhao
Lei Zhao
Haipeng Zhao
Ning Wang
Lei Zhao
[2018-03-26 08:11:54 +0800] [16972] [INFO] Shutting down: Master
[2018-03-26 08:11:59 +0800] [6490] [INFO] Starting gunicorn 19.6.0
[2018-03-26 08:11:59 +0800] [6490] [INFO] Listening at: http://127.0.0.1:8000 (6490)
[2018-03-26 08:11:59 +0800] [6490] [INFO] Using worker: sync
[2018-03-26 08:11:59 +0800] [6493] [INFO] Booting worker with pid: 6493
[2018-03-26 08:14:47 +0800] [6531] [INFO] Booting worker with pid: 6531
[2018-03-26 08:14:47 +0800] [6490] [INFO] Handling signal: hup
[2018-03-26 08:14:47 +0800] [6490] [INFO] Hang up: Master
[2018-03-26 08:14:47 +0800] [6533] [INFO] Booting worker with pid: 6533
[2018-03-26 08:14:48 +0800] [6531] [INFO] Worker exiting (pid: 6531)
[2018-03-26 09:04:06 +0800] [6490] [INFO] Handling signal: term
[2018-03-26 09:04:06 +0800] [6533] [INFO] Worker exiting (pid: 6533)
Lei Zhao
[2018-03-26 09:04:06 +0800] [6490] [INFO] Shutting down: Master
[2018-03-26 09:04:09 +0800] [7329] [INFO] Starting gunicorn 19.6.0
[2018-03-26 09:04:09 +0800] [7329] [INFO] Listening at: http://127.0.0.1:8000 (7329)
[2018-03-26 09:04:09 +0800] [7329] [INFO] Using worker: sync
[2018-03-26 09:04:09 +0800] [7332] [INFO] Booting worker with pid: 7332
[2018-03-26 09:04:26 +0800] [7329] [INFO] Handling signal: hup
[2018-03-26 09:04:26 +0800] [7329] [INFO] Hang up: Master
[2018-03-26 09:04:26 +0800] [7340] [INFO] Booting worker with pid: 7340
[2018-04-17 15:21:44 +0800] [11677] [INFO] Starting gunicorn 19.6.0
[2018-04-17 15:21:44 +0800] [11677] [INFO] Listening at: http://127.0.0.1:8000 (11677)
[2018-04-17 15:21:44 +0800] [11677] [INFO] Using worker: sync
[2018-04-17 15:21:44 +0800] [11680] [INFO] Booting worker with pid: 11680
[2018-04-17 15:26:45 +0800] [11677] [INFO] Handling signal: hup
[2018-04-17 15:26:45 +0800] [11677] [INFO] Hang up: Master
[2018-04-17 15:26:45 +0800] [11783] [INFO] Booting worker with pid: 11783
[2018-04-17 15:29:31 +0800] [11677] [INFO] Handling signal: term
[2018-04-17 15:29:31 +0800] [11783] [INFO] Worker exiting (pid: 11783)
[2018-04-17 15:29:31 +0800] [11677] [INFO] Shutting down: Master
[2018-04-17 15:29:35 +0800] [11900] [INFO] Starting gunicorn 19.6.0
[2018-04-17 15:29:35 +0800] [11900] [INFO] Listening at: http://127.0.0.1:8000 (11900)
[2018-04-17 15:29:35 +0800] [11900] [INFO] Using worker: sync
[2018-04-17 15:29:35 +0800] [11903] [INFO] Booting worker with pid: 11903
[2018-04-17 15:51:31 +0800] [11900] [INFO] Handling signal: hup
[2018-04-17 15:51:31 +0800] [11900] [INFO] Hang up: Master
[2018-04-17 15:51:31 +0800] [12315] [INFO] Booting worker with pid: 12315
[2018-04-28 23:42:03 +0800] [11900] [INFO] Handling signal: hup
[2018-04-28 23:42:03 +0800] [11900] [INFO] Hang up: Master
[2018-04-28 23:42:03 +0800] [14018] [INFO] Booting worker with pid: 14018
[2018-04-28 23:42:03 +0800] [14051] [INFO] Booting worker with pid: 14051
[2018-04-28 23:42:03 +0800] [11900] [INFO] Handling signal: term
[2018-04-28 23:42:09 +0800] [14018] [INFO] Worker exiting (pid: 14018)
[2018-04-28 23:42:33 +0800] [11900] [INFO] Shutting down: Master
[2018-04-29 03:24:50 +0800] [13165] [INFO] Starting gunicorn 19.6.0
[2018-04-29 03:24:50 +0800] [13165] [INFO] Listening at: http://127.0.0.1:8000 (13165)
[2018-04-29 03:24:50 +0800] [13165] [INFO] Using worker: gevent
[2018-04-29 03:24:50 +0800] [13168] [INFO] Booting worker with pid: 13168
[2018-04-29 05:43:03 +0800] [13165] [INFO] Handling signal: hup
[2018-04-29 05:43:03 +0800] [13165] [INFO] Hang up: Master
[2018-04-29 05:43:03 +0800] [13518] [INFO] Booting worker with pid: 13518
[2018-04-29 23:15:41 +0800] [13165] [INFO] Handling signal: term
[2018-04-29 23:15:42 +0800] [13518] [INFO] Worker exiting (pid: 13518)
Lei Zhao
Lisheng XU
Long Li
Lei Zhao
Xiaopeng Shen
Yue Li
Xiaopeng Shen
Xiaopeng Shen
Kai Da Xu
jiaxu li
Jianglong Zhu
Tayyab ali Khan
PeiJi Yang
Zhixiang Huang
Lei Zhao
Wen Chenggang
Zheyuan Zhang
Fan Yang
Yongjun Huang
Yongjun Huang
Dongmin Zhang
Yuan-Guo Zhou
Yuanguo Zhou
Lei Zhao
Xiaochuang Deng
Xiaochuang Deng
Yongjun Huang
Chen Lei
Xiaochuang Deng
Yan Shi
Fukun Sun
wyn
[2018-04-29 23:15:42 +0800] [13165] [INFO] Shutting down: Master
